<?xml version="1.0" encoding="UTF-8"?>
<!-- Generated by org.testng.reporters.JUnitReportReporter -->
<testsuite hostname="DESKTOP-S3RH2I0" name="hello.Baiduhello" tests="1" failures="0" timestamp="28 Mar 2019 01:37:03 GMT" time="5.847" errors="0">
  <testcase name="OpenFireFox" time="5.847" classname="hello.Baiduhello"/>
</testsuite> <!-- hello.Baiduhello -->
