<?xml version="1.0" encoding="UTF-8"?>
<!-- Generated by org.testng.reporters.JUnitReportReporter -->
<testsuite hostname="DESKTOP-S3RH2I0" name="hello.Baiduhello" tests="1" failures="0" timestamp="28 Mar 2019 01:10:29 GMT" time="7.711" errors="0">
  <testcase name="OpenFireFox" time="7.711" classname="hello.Baiduhello"/>
</testsuite> <!-- hello.Baiduhello -->
